<?xml version="1.0" encoding="UTF-8"?>
<testsuite name="com.example.project.api.service.KakaoAddressSearchServiceRetryTest" tests="2" skipped="0" failures="0" errors="0" timestamp="2023-07-12T14:00:07" hostname="LAPTOP-PV547CLP" time="4.67">
  <properties/>
  <testcase name="requestAddressSearch retry success" classname="com.example.project.api.service.KakaoAddressSearchServiceRetryTest" time="2.631"/>
  <testcase name="requestAddressSearch retry fail " classname="com.example.project.api.service.KakaoAddressSearchServiceRetryTest" time="2.037"/>
  <system-out><![CDATA[22:59:53.635 [Test worker] DEBUG org.springframework.test.context.support.AbstractDirtiesContextTestExecutionListener - Before test class: context [DefaultTestContext@3dce6dd8 testClass = KakaoAddressSearchServiceRetryTest, testInstance = [null], testMethod = [null], testException = [null], mergedContextConfiguration = [WebMergedContextConfiguration@69f2cb04 testClass = KakaoAddressSearchServiceRetryTest, locations = '{}', classes = '{class com.example.project.ProjectApplication}', contextInitializerClasses = '[]', activeProfiles = '{}', propertySourceLocations = '{}', propertySourceProperties = '{org.springframework.boot.test.context.SpringBootTestContextBootstrapper=true}', contextCustomizers = set[org.spockframework.spring.mock.SpockContextCustomizer@9b7b6d4f, org.springframework.boot.test.autoconfigure.actuate.metrics.MetricsExportContextCustomizerFactory$DisableMetricExportContextCustomizer@2a8d39c4, org.springframework.boot.test.autoconfigure.properties.PropertyMappingContextCustomizer@0, org.springframework.boot.test.autoconfigure.web.servlet.WebDriverContextCustomizerFactory$Customizer@20a8a64e, org.springframework.boot.test.context.filter.ExcludeFilterContextCustomizer@65b3a85a, org.springframework.boot.test.json.DuplicateJsonObjectContextCustomizerFactory$DuplicateJsonObjectContextCustomizer@2b5825fa, org.springframework.boot.test.mock.mockito.MockitoContextCustomizer@0, org.springframework.boot.test.web.client.TestRestTemplateContextCustomizer@79145d5a, org.springframework.boot.test.context.SpringBootTestArgs@1, org.springframework.boot.test.context.SpringBootTestWebEnvironment@7749bf93], resourceBasePath = 'src/main/webapp', contextLoader = 'org.springframework.boot.test.context.SpringBootContextLoader', parent = [null]], attributes = map['org.springframework.test.context.web.ServletTestExecutionListener.activateListener' -> true]], class annotated with @DirtiesContext [false] with mode [null].

  .   ____          _            __ _ _
 /\\ / ___'_ __ _ _(_)_ __  __ _ \ \ \ \
( ( )\___ | '_ | '_| | '_ \/ _` | \ \ \ \
 \\/  ___)| |_)| | | | | || (_| |  ) ) ) )
  '  |____| .__|_| |_|_| |_\__, | / / / /
 =========|_|==============|___/=/_/_/_/
 :: Spring Boot ::                (v2.6.7)

2023-07-12 22:59:55.428  INFO 35556 --- [    Test worker] p.a.s.KakaoAddressSearchServiceRetryTest : Starting KakaoAddressSearchServiceRetryTest using Java 11.0.16.1 on LAPTOP-PV547CLP with PID 35556 (started by crumb in C:\Projects\Pharmacy-Recommandation\project)
2023-07-12 22:59:55.430  INFO 35556 --- [    Test worker] p.a.s.KakaoAddressSearchServiceRetryTest : No active profile set, falling back to 1 default profile: "default"
2023-07-12 22:59:56.455  INFO 35556 --- [    Test worker] .s.d.r.c.RepositoryConfigurationDelegate : Multiple Spring Data modules found, entering strict repository configuration mode!
2023-07-12 22:59:56.458  INFO 35556 --- [    Test worker] .s.d.r.c.RepositoryConfigurationDelegate : Bootstrapping Spring Data JPA repositories in DEFAULT mode.
2023-07-12 22:59:56.763  INFO 35556 --- [    Test worker] .s.d.r.c.RepositoryConfigurationDelegate : Finished Spring Data repository scanning in 294 ms. Found 2 JPA repository interfaces.
2023-07-12 22:59:56.782  INFO 35556 --- [    Test worker] .s.d.r.c.RepositoryConfigurationDelegate : Multiple Spring Data modules found, entering strict repository configuration mode!
2023-07-12 22:59:56.784  INFO 35556 --- [    Test worker] .s.d.r.c.RepositoryConfigurationDelegate : Bootstrapping Spring Data Redis repositories in DEFAULT mode.
2023-07-12 22:59:56.813  INFO 35556 --- [    Test worker] .RepositoryConfigurationExtensionSupport : Spring Data Redis - Could not safely identify store assignment for repository candidate interface com.example.project.direction.repository.DirectionRepository. If you want this repository to be a Redis repository, consider annotating your entities with one of these annotations: org.springframework.data.redis.core.RedisHash (preferred), or consider extending one of the following types with your repository: org.springframework.data.keyvalue.repository.KeyValueRepository.
2023-07-12 22:59:56.814  INFO 35556 --- [    Test worker] .RepositoryConfigurationExtensionSupport : Spring Data Redis - Could not safely identify store assignment for repository candidate interface com.example.project.pharmacy.repository.PharmacyRepository. If you want this repository to be a Redis repository, consider annotating your entities with one of these annotations: org.springframework.data.redis.core.RedisHash (preferred), or consider extending one of the following types with your repository: org.springframework.data.keyvalue.repository.KeyValueRepository.
2023-07-12 22:59:56.814  INFO 35556 --- [    Test worker] .s.d.r.c.RepositoryConfigurationDelegate : Finished Spring Data repository scanning in 17 ms. Found 0 Redis repository interfaces.
2023-07-12 22:59:57.493  INFO 35556 --- [    Test worker] trationDelegate$BeanPostProcessorChecker : Bean 'pl.allegro.tech.boot.autoconfigure.handlebars.HandlebarsHelpersAutoConfiguration' of type [pl.allegro.tech.boot.autoconfigure.handlebars.HandlebarsHelpersAutoConfiguration$$EnhancerBySpringCGLIB$$48625513] is not eligible for getting processed by all BeanPostProcessors (for example: not eligible for auto-proxying)
2023-07-12 22:59:57.525  INFO 35556 --- [    Test worker] trationDelegate$BeanPostProcessorChecker : Bean 'handlebars.resolver-pl.allegro.tech.boot.autoconfigure.handlebars.HandlebarsValueResolversProperties' of type [pl.allegro.tech.boot.autoconfigure.handlebars.HandlebarsValueResolversProperties] is not eligible for getting processed by all BeanPostProcessors (for example: not eligible for auto-proxying)
2023-07-12 22:59:57.532  INFO 35556 --- [    Test worker] trationDelegate$BeanPostProcessorChecker : Bean 'handlebars-pl.allegro.tech.boot.autoconfigure.handlebars.HandlebarsProperties' of type [pl.allegro.tech.boot.autoconfigure.handlebars.HandlebarsProperties] is not eligible for getting processed by all BeanPostProcessors (for example: not eligible for auto-proxying)
2023-07-12 22:59:57.535  INFO 35556 --- [    Test worker] trationDelegate$BeanPostProcessorChecker : Bean 'pl.allegro.tech.boot.autoconfigure.handlebars.HandlebarsAutoConfiguration$HandlebarsViewResolverConfiguration' of type [pl.allegro.tech.boot.autoconfigure.handlebars.HandlebarsAutoConfiguration$HandlebarsViewResolverConfiguration$$EnhancerBySpringCGLIB$$5b497fb1] is not eligible for getting processed by all BeanPostProcessors (for example: not eligible for auto-proxying)
2023-07-12 22:59:57.635  INFO 35556 --- [    Test worker] trationDelegate$BeanPostProcessorChecker : Bean 'handlebarsViewResolver' of type [com.github.jknack.handlebars.springmvc.HandlebarsViewResolver] is not eligible for getting processed by all BeanPostProcessors (for example: not eligible for auto-proxying)
2023-07-12 22:59:57.970  INFO 35556 --- [    Test worker] o.hibernate.jpa.internal.util.LogHelper  : HHH000204: Processing PersistenceUnitInfo [name: default]
2023-07-12 22:59:58.068  INFO 35556 --- [    Test worker] org.hibernate.Version                    : HHH000412: Hibernate ORM core version 5.6.8.Final
2023-07-12 22:59:58.155  INFO 35556 --- [    Test worker] o.hibernate.annotations.common.Version   : HCANN000001: Hibernate Commons Annotations {5.1.2.Final}
2023-07-12 22:59:58.351  INFO 35556 --- [    Test worker] com.zaxxer.hikari.HikariDataSource       : HikariPool-1 - Starting...
2023-07-12 22:59:58.378  INFO 35556 --- [    Test worker] tc.mariadb:10                            : Creating container for image: mariadb:10
2023-07-12 22:59:58.521  INFO 35556 --- [    Test worker] tc.mariadb:10                            : Container mariadb:10 is starting: 6f3f0a3694cf76dd39c2094046beb935974a3adcf15296344bf501169b016b10
2023-07-12 22:59:59.013  INFO 35556 --- [    Test worker] tc.mariadb:10                            : Waiting for database connection to become available at jdbc:mariadb://localhost:60174/test using query 'SELECT 1'
2023-07-12 23:00:03.659  INFO 35556 --- [    Test worker] tc.mariadb:10                            : Container mariadb:10 started in PT5.2812995S
2023-07-12 23:00:03.659  INFO 35556 --- [    Test worker] tc.mariadb:10                            : Container is started (JDBC URL: jdbc:mariadb://localhost:60174/test)
2023-07-12 23:00:03.681  INFO 35556 --- [    Test worker] com.zaxxer.hikari.HikariDataSource       : HikariPool-1 - Start completed.
2023-07-12 23:00:03.736  INFO 35556 --- [    Test worker] org.hibernate.dialect.Dialect            : HHH000400: Using dialect: org.hibernate.dialect.MariaDB106Dialect
Hibernate: drop table if exists direction
Hibernate: drop table if exists pharmacy
Hibernate: create table direction (id bigint not null auto_increment, created_date datetime(6), modified_date datetime(6), distance double precision not null, input_address varchar(255), input_latitude double precision not null, input_longitude double precision not null, target_address varchar(255), target_latitude double precision not null, target_longitude double precision not null, target_pharmacy_name varchar(255), primary key (id)) engine=InnoDB
Hibernate: create table pharmacy (id bigint not null auto_increment, created_date datetime(6), modified_date datetime(6), latitude double precision not null, longitude double precision not null, pharmacy_address varchar(255), pharmacy_name varchar(255), primary key (id)) engine=InnoDB
2023-07-12 23:00:04.574  INFO 35556 --- [    Test worker] o.h.e.t.j.p.i.JtaPlatformInitiator       : HHH000490: Using JtaPlatform implementation: [org.hibernate.engine.transaction.jta.platform.internal.NoJtaPlatform]
2023-07-12 23:00:04.588  INFO 35556 --- [    Test worker] j.LocalContainerEntityManagerFactoryBean : Initialized JPA EntityManagerFactory for persistence unit 'default'
2023-07-12 23:00:05.456  WARN 35556 --- [    Test worker] JpaBaseConfiguration$JpaWebConfiguration : spring.jpa.open-in-view is enabled by default. Therefore, database queries may be performed during view rendering. Explicitly configure spring.jpa.open-in-view to disable this warning
2023-07-12 23:00:07.107  WARN 35556 --- [    Test worker] c.g.jknack.handlebars.HelperRegistry     : Helper 'capitalize' has been replaced by 'capitalize'
2023-07-12 23:00:07.107  WARN 35556 --- [    Test worker] c.g.jknack.handlebars.HelperRegistry     : Helper 'slugify' has been replaced by 'slugify'
2023-07-12 23:00:07.108  WARN 35556 --- [    Test worker] c.g.jknack.handlebars.HelperRegistry     : Helper 'wordWrap' has been replaced by 'wordWrap'
2023-07-12 23:00:07.163  INFO 35556 --- [    Test worker] p.a.s.KakaoAddressSearchServiceRetryTest : Started KakaoAddressSearchServiceRetryTest in 12.262 seconds (JVM running for 19.876)
60223
http://127.0.0.1:60223/
60229
http://127.0.0.1:60229/
2023-07-12 23:00:11.870 ERROR 35556 --- [    Test worker] c.e.p.a.s.KakaoAddressSearchService      : All the retries failed. address: 서울 성북구 종암로 10길, error: 504 Server Error: [no body]
]]></system-out>
  <system-err><![CDATA[]]></system-err>
</testsuite>
