<?xml version="1.0" encoding="UTF-8"?>
<testsuite name="com.example.project.api.service.KakaoAddressSearchServiceRetryTest" tests="2" skipped="0" failures="0" errors="0" timestamp="2023-08-01T15:08:40" hostname="LAPTOP-PV547CLP" time="4.808">
  <properties/>
  <testcase name="requestAddressSearch retry success" classname="com.example.project.api.service.KakaoAddressSearchServiceRetryTest" time="2.778"/>
  <testcase name="requestAddressSearch retry fail " classname="com.example.project.api.service.KakaoAddressSearchServiceRetryTest" time="2.029"/>
  <system-out><![CDATA[00:08:25.095 [Test worker] DEBUG org.springframework.test.context.support.AbstractDirtiesContextTestExecutionListener - Before test class: context [DefaultTestContext@733fb462 testClass = KakaoAddressSearchServiceRetryTest, testInstance = [null], testMethod = [null], testException = [null], mergedContextConfiguration = [WebMergedContextConfiguration@623e0631 testClass = KakaoAddressSearchServiceRetryTest, locations = '{}', classes = '{class com.example.project.ProjectApplication}', contextInitializerClasses = '[]', activeProfiles = '{}', propertySourceLocations = '{}', propertySourceProperties = '{org.springframework.boot.test.context.SpringBootTestContextBootstrapper=true}', contextCustomizers = set[org.spockframework.spring.mock.SpockContextCustomizer@b6139d4f, org.springframework.boot.test.autoconfigure.actuate.metrics.MetricsExportContextCustomizerFactory$DisableMetricExportContextCustomizer@4a891c97, org.springframework.boot.test.autoconfigure.properties.PropertyMappingContextCustomizer@0, org.springframework.boot.test.autoconfigure.web.servlet.WebDriverContextCustomizerFactory$Customizer@788fcafb, org.springframework.boot.test.context.filter.ExcludeFilterContextCustomizer@2fc0cc3, org.springframework.boot.test.json.DuplicateJsonObjectContextCustomizerFactory$DuplicateJsonObjectContextCustomizer@42e3ede4, org.springframework.boot.test.mock.mockito.MockitoContextCustomizer@0, org.springframework.boot.test.web.client.TestRestTemplateContextCustomizer@4ee37ca3, org.springframework.boot.test.context.SpringBootTestArgs@1, org.springframework.boot.test.context.SpringBootTestWebEnvironment@55493582], resourceBasePath = 'src/main/webapp', contextLoader = 'org.springframework.boot.test.context.SpringBootContextLoader', parent = [null]], attributes = map['org.springframework.test.context.web.ServletTestExecutionListener.activateListener' -> true]], class annotated with @DirtiesContext [false] with mode [null].

  .   ____          _            __ _ _
 /\\ / ___'_ __ _ _(_)_ __  __ _ \ \ \ \
( ( )\___ | '_ | '_| | '_ \/ _` | \ \ \ \
 \\/  ___)| |_)| | | | | || (_| |  ) ) ) )
  '  |____| .__|_| |_|_| |_\__, | / / / /
 =========|_|==============|___/=/_/_/_/
 :: Spring Boot ::                (v2.6.7)

2023-08-02 00:08:26.826  INFO 20704 --- [    Test worker] p.a.s.KakaoAddressSearchServiceRetryTest : Starting KakaoAddressSearchServiceRetryTest using Java 11.0.16.1 on LAPTOP-PV547CLP with PID 20704 (started by crumb in C:\Projects\Pharmacy-Recommandation\project)
2023-08-02 00:08:26.828  INFO 20704 --- [    Test worker] p.a.s.KakaoAddressSearchServiceRetryTest : No active profile set, falling back to 1 default profile: "default"
2023-08-02 00:08:28.080  INFO 20704 --- [    Test worker] .s.d.r.c.RepositoryConfigurationDelegate : Multiple Spring Data modules found, entering strict repository configuration mode!
2023-08-02 00:08:28.087  INFO 20704 --- [    Test worker] .s.d.r.c.RepositoryConfigurationDelegate : Bootstrapping Spring Data JPA repositories in DEFAULT mode.
2023-08-02 00:08:28.489  INFO 20704 --- [    Test worker] .s.d.r.c.RepositoryConfigurationDelegate : Finished Spring Data repository scanning in 386 ms. Found 2 JPA repository interfaces.
2023-08-02 00:08:28.514  INFO 20704 --- [    Test worker] .s.d.r.c.RepositoryConfigurationDelegate : Multiple Spring Data modules found, entering strict repository configuration mode!
2023-08-02 00:08:28.516  INFO 20704 --- [    Test worker] .s.d.r.c.RepositoryConfigurationDelegate : Bootstrapping Spring Data Redis repositories in DEFAULT mode.
2023-08-02 00:08:28.558  INFO 20704 --- [    Test worker] .RepositoryConfigurationExtensionSupport : Spring Data Redis - Could not safely identify store assignment for repository candidate interface com.example.project.direction.repository.DirectionRepository. If you want this repository to be a Redis repository, consider annotating your entities with one of these annotations: org.springframework.data.redis.core.RedisHash (preferred), or consider extending one of the following types with your repository: org.springframework.data.keyvalue.repository.KeyValueRepository.
2023-08-02 00:08:28.559  INFO 20704 --- [    Test worker] .RepositoryConfigurationExtensionSupport : Spring Data Redis - Could not safely identify store assignment for repository candidate interface com.example.project.pharmacy.repository.PharmacyRepository. If you want this repository to be a Redis repository, consider annotating your entities with one of these annotations: org.springframework.data.redis.core.RedisHash (preferred), or consider extending one of the following types with your repository: org.springframework.data.keyvalue.repository.KeyValueRepository.
2023-08-02 00:08:28.559  INFO 20704 --- [    Test worker] .s.d.r.c.RepositoryConfigurationDelegate : Finished Spring Data repository scanning in 23 ms. Found 0 Redis repository interfaces.
2023-08-02 00:08:29.262  INFO 20704 --- [    Test worker] trationDelegate$BeanPostProcessorChecker : Bean 'pl.allegro.tech.boot.autoconfigure.handlebars.HandlebarsHelpersAutoConfiguration' of type [pl.allegro.tech.boot.autoconfigure.handlebars.HandlebarsHelpersAutoConfiguration$$EnhancerBySpringCGLIB$$ffa5fe15] is not eligible for getting processed by all BeanPostProcessors (for example: not eligible for auto-proxying)
2023-08-02 00:08:29.292  INFO 20704 --- [    Test worker] trationDelegate$BeanPostProcessorChecker : Bean 'handlebars.resolver-pl.allegro.tech.boot.autoconfigure.handlebars.HandlebarsValueResolversProperties' of type [pl.allegro.tech.boot.autoconfigure.handlebars.HandlebarsValueResolversProperties] is not eligible for getting processed by all BeanPostProcessors (for example: not eligible for auto-proxying)
2023-08-02 00:08:29.300  INFO 20704 --- [    Test worker] trationDelegate$BeanPostProcessorChecker : Bean 'handlebars-pl.allegro.tech.boot.autoconfigure.handlebars.HandlebarsProperties' of type [pl.allegro.tech.boot.autoconfigure.handlebars.HandlebarsProperties] is not eligible for getting processed by all BeanPostProcessors (for example: not eligible for auto-proxying)
2023-08-02 00:08:29.302  INFO 20704 --- [    Test worker] trationDelegate$BeanPostProcessorChecker : Bean 'pl.allegro.tech.boot.autoconfigure.handlebars.HandlebarsAutoConfiguration$HandlebarsViewResolverConfiguration' of type [pl.allegro.tech.boot.autoconfigure.handlebars.HandlebarsAutoConfiguration$HandlebarsViewResolverConfiguration$$EnhancerBySpringCGLIB$$128d28b3] is not eligible for getting processed by all BeanPostProcessors (for example: not eligible for auto-proxying)
2023-08-02 00:08:29.424  INFO 20704 --- [    Test worker] trationDelegate$BeanPostProcessorChecker : Bean 'handlebarsViewResolver' of type [com.github.jknack.handlebars.springmvc.HandlebarsViewResolver] is not eligible for getting processed by all BeanPostProcessors (for example: not eligible for auto-proxying)
2023-08-02 00:08:29.784  INFO 20704 --- [    Test worker] o.hibernate.jpa.internal.util.LogHelper  : HHH000204: Processing PersistenceUnitInfo [name: default]
2023-08-02 00:08:29.936  INFO 20704 --- [    Test worker] org.hibernate.Version                    : HHH000412: Hibernate ORM core version 5.6.8.Final
2023-08-02 00:08:30.036  INFO 20704 --- [    Test worker] o.hibernate.annotations.common.Version   : HCANN000001: Hibernate Commons Annotations {5.1.2.Final}
2023-08-02 00:08:30.292  INFO 20704 --- [    Test worker] com.zaxxer.hikari.HikariDataSource       : HikariPool-1 - Starting...
2023-08-02 00:08:30.326  INFO 20704 --- [    Test worker] tc.mariadb:10                            : Creating container for image: mariadb:10
2023-08-02 00:08:30.521  INFO 20704 --- [    Test worker] tc.mariadb:10                            : Container mariadb:10 is starting: db8f1bf23d29f726f480feea8b28ff7adf4078cc3900a9f8e4a0241644a5f2b8
2023-08-02 00:08:30.988  INFO 20704 --- [    Test worker] tc.mariadb:10                            : Waiting for database connection to become available at jdbc:mariadb://localhost:59748/test using query 'SELECT 1'
2023-08-02 00:08:35.926  INFO 20704 --- [    Test worker] tc.mariadb:10                            : Container mariadb:10 started in PT5.5994292S
2023-08-02 00:08:35.926  INFO 20704 --- [    Test worker] tc.mariadb:10                            : Container is started (JDBC URL: jdbc:mariadb://localhost:59748/test)
2023-08-02 00:08:35.949  INFO 20704 --- [    Test worker] com.zaxxer.hikari.HikariDataSource       : HikariPool-1 - Start completed.
2023-08-02 00:08:36.020  INFO 20704 --- [    Test worker] org.hibernate.dialect.Dialect            : HHH000400: Using dialect: org.hibernate.dialect.MariaDB106Dialect
Hibernate: drop table if exists direction
Hibernate: drop table if exists pharmacy
Hibernate: create table direction (id bigint not null auto_increment, created_date datetime(6), modified_date datetime(6), distance double precision not null, input_address varchar(255), input_latitude double precision not null, input_longitude double precision not null, target_address varchar(255), target_latitude double precision not null, target_longitude double precision not null, target_pharmacy_name varchar(255), primary key (id)) engine=InnoDB
Hibernate: create table pharmacy (id bigint not null auto_increment, created_date datetime(6), modified_date datetime(6), latitude double precision not null, longitude double precision not null, pharmacy_address varchar(255), pharmacy_name varchar(255), primary key (id)) engine=InnoDB
2023-08-02 00:08:37.019  INFO 20704 --- [    Test worker] o.h.e.t.j.p.i.JtaPlatformInitiator       : HHH000490: Using JtaPlatform implementation: [org.hibernate.engine.transaction.jta.platform.internal.NoJtaPlatform]
2023-08-02 00:08:37.041  INFO 20704 --- [    Test worker] j.LocalContainerEntityManagerFactoryBean : Initialized JPA EntityManagerFactory for persistence unit 'default'
2023-08-02 00:08:38.635  WARN 20704 --- [    Test worker] JpaBaseConfiguration$JpaWebConfiguration : spring.jpa.open-in-view is enabled by default. Therefore, database queries may be performed during view rendering. Explicitly configure spring.jpa.open-in-view to disable this warning
2023-08-02 00:08:40.086  WARN 20704 --- [    Test worker] c.g.jknack.handlebars.HelperRegistry     : Helper 'capitalize' has been replaced by 'capitalize'
2023-08-02 00:08:40.086  WARN 20704 --- [    Test worker] c.g.jknack.handlebars.HelperRegistry     : Helper 'slugify' has been replaced by 'slugify'
2023-08-02 00:08:40.086  WARN 20704 --- [    Test worker] c.g.jknack.handlebars.HelperRegistry     : Helper 'wordWrap' has been replaced by 'wordWrap'
2023-08-02 00:08:40.232  INFO 20704 --- [    Test worker] p.a.s.KakaoAddressSearchServiceRetryTest : Started KakaoAddressSearchServiceRetryTest in 14.047 seconds (JVM running for 30.085)
59812
http://127.0.0.1:59812/
59814
http://127.0.0.1:59814/
2023-08-02 00:08:45.104 ERROR 20704 --- [    Test worker] c.e.p.a.s.KakaoAddressSearchService      : All the retries failed. address: 서울 성북구 종암로 10길, error: 504 Server Error: [no body]
]]></system-out>
  <system-err><![CDATA[]]></system-err>
</testsuite>
