<?xml version="1.0" encoding="UTF-8"?>
<testsuite name="com.example.project.ProjectApplicationTests" tests="1" skipped="0" failures="0" errors="0" timestamp="2023-06-15T19:03:06" hostname="LAPTOP-PV547CLP" time="0.751">
  <properties/>
  <testcase name="contextLoads()" classname="com.example.project.ProjectApplicationTests" time="0.751"/>
  <system-out><![CDATA[04:03:02.533 [Test worker] DEBUG org.springframework.test.context.BootstrapUtils - Instantiating CacheAwareContextLoaderDelegate from class [org.springframework.test.context.cache.DefaultCacheAwareContextLoaderDelegate]
04:03:02.552 [Test worker] DEBUG org.springframework.test.context.BootstrapUtils - Instantiating BootstrapContext using constructor [public org.springframework.test.context.support.DefaultBootstrapContext(java.lang.Class,org.springframework.test.context.CacheAwareContextLoaderDelegate)]
04:03:02.610 [Test worker] DEBUG org.springframework.test.context.BootstrapUtils - Instantiating TestContextBootstrapper for test class [com.example.project.ProjectApplicationTests] from class [org.springframework.boot.test.context.SpringBootTestContextBootstrapper]
04:03:02.634 [Test worker] INFO org.springframework.boot.test.context.SpringBootTestContextBootstrapper - Neither @ContextConfiguration nor @ContextHierarchy found for test class [com.example.project.ProjectApplicationTests], using SpringBootContextLoader
04:03:02.644 [Test worker] DEBUG org.springframework.test.context.support.AbstractContextLoader - Did not detect default resource location for test class [com.example.project.ProjectApplicationTests]: class path resource [com/example/project/ProjectApplicationTests-context.xml] does not exist
04:03:02.645 [Test worker] DEBUG org.springframework.test.context.support.AbstractContextLoader - Did not detect default resource location for test class [com.example.project.ProjectApplicationTests]: class path resource [com/example/project/ProjectApplicationTestsContext.groovy] does not exist
04:03:02.646 [Test worker] INFO org.springframework.test.context.support.AbstractContextLoader - Could not detect default resource locations for test class [com.example.project.ProjectApplicationTests]: no resource found for suffixes {-context.xml, Context.groovy}.
04:03:02.647 [Test worker] INFO org.springframework.test.context.support.AnnotationConfigContextLoaderUtils - Could not detect default configuration classes for test class [com.example.project.ProjectApplicationTests]: ProjectApplicationTests does not declare any static, non-private, non-final, nested classes annotated with @Configuration.
04:03:02.741 [Test worker] DEBUG org.springframework.test.context.support.ActiveProfilesUtils - Could not find an 'annotation declaring class' for annotation type [org.springframework.test.context.ActiveProfiles] and class [com.example.project.ProjectApplicationTests]
04:03:02.865 [Test worker] DEBUG org.springframework.context.annotation.ClassPathScanningCandidateComponentProvider - Identified candidate component class: file [C:\Projects\새 폴더\project\build\classes\java\main\com\example\project\ProjectApplication.class]
04:03:02.868 [Test worker] INFO org.springframework.boot.test.context.SpringBootTestContextBootstrapper - Found @SpringBootConfiguration com.example.project.ProjectApplication for test class com.example.project.ProjectApplicationTests
04:03:03.106 [Test worker] DEBUG org.springframework.boot.test.context.SpringBootTestContextBootstrapper - @TestExecutionListeners is not present for class [com.example.project.ProjectApplicationTests]: using defaults.
04:03:03.106 [Test worker] INFO org.springframework.boot.test.context.SpringBootTestContextBootstrapper - Loaded default TestExecutionListener class names from location [META-INF/spring.factories]: [org.springframework.boot.test.autoconfigure.restdocs.RestDocsTestExecutionListener, org.springframework.boot.test.autoconfigure.web.client.MockRestServiceServerResetTestExecutionListener, org.springframework.boot.test.autoconfigure.web.servlet.MockMvcPrintOnlyOnFailureTestExecutionListener, org.springframework.boot.test.autoconfigure.web.servlet.WebDriverTestExecutionListener, org.springframework.boot.test.autoconfigure.webservices.client.MockWebServiceServerTestExecutionListener, org.springframework.boot.test.mock.mockito.MockitoTestExecutionListener, org.springframework.boot.test.mock.mockito.ResetMocksTestExecutionListener, org.springframework.test.context.web.ServletTestExecutionListener, org.springframework.test.context.support.DirtiesContextBeforeModesTestExecutionListener, org.springframework.test.context.event.ApplicationEventsTestExecutionListener, org.springframework.test.context.support.DependencyInjectionTestExecutionListener, org.springframework.test.context.support.DirtiesContextTestExecutionListener, org.springframework.test.context.transaction.TransactionalTestExecutionListener, org.springframework.test.context.jdbc.SqlScriptsTestExecutionListener, org.springframework.test.context.event.EventPublishingTestExecutionListener]
04:03:03.130 [Test worker] DEBUG org.springframework.boot.test.context.SpringBootTestContextBootstrapper - Skipping candidate TestExecutionListener [org.springframework.test.context.transaction.TransactionalTestExecutionListener] due to a missing dependency. Specify custom listener classes or make the default listener classes and their required dependencies available. Offending class: [org/springframework/transaction/interceptor/TransactionAttributeSource]
04:03:03.131 [Test worker] DEBUG org.springframework.boot.test.context.SpringBootTestContextBootstrapper - Skipping candidate TestExecutionListener [org.springframework.test.context.jdbc.SqlScriptsTestExecutionListener] due to a missing dependency. Specify custom listener classes or make the default listener classes and their required dependencies available. Offending class: [org/springframework/transaction/interceptor/TransactionAttribute]
04:03:03.131 [Test worker] INFO org.springframework.boot.test.context.SpringBootTestContextBootstrapper - Using TestExecutionListeners: [org.springframework.test.context.web.ServletTestExecutionListener@200606de, org.springframework.test.context.support.DirtiesContextBeforeModesTestExecutionListener@750fe12e, org.springframework.test.context.event.ApplicationEventsTestExecutionListener@f8908f6, org.springframework.boot.test.mock.mockito.MockitoTestExecutionListener@3e587920, org.springframework.boot.test.autoconfigure.SpringBootDependencyInjectionTestExecutionListener@2ef8a8c3, org.springframework.test.context.support.DirtiesContextTestExecutionListener@24f43aa3, org.springframework.test.context.event.EventPublishingTestExecutionListener@63fd4873, org.springframework.boot.test.autoconfigure.restdocs.RestDocsTestExecutionListener@1e11bc55, org.springframework.boot.test.autoconfigure.web.client.MockRestServiceServerResetTestExecutionListener@7544a1e4, org.springframework.boot.test.autoconfigure.web.servlet.MockMvcPrintOnlyOnFailureTestExecutionListener@70e0accd, org.springframework.boot.test.autoconfigure.web.servlet.WebDriverTestExecutionListener@7957dc72, org.springframework.boot.test.autoconfigure.webservices.client.MockWebServiceServerTestExecutionListener@6ab72419, org.springframework.boot.test.mock.mockito.ResetMocksTestExecutionListener@3aacf32a]
04:03:03.139 [Test worker] DEBUG org.springframework.test.context.support.AbstractDirtiesContextTestExecutionListener - Before test class: context [DefaultTestContext@d816dde testClass = ProjectApplicationTests, testInstance = [null], testMethod = [null], testException = [null], mergedContextConfiguration = [WebMergedContextConfiguration@6e33c391 testClass = ProjectApplicationTests, locations = '{}', classes = '{class com.example.project.ProjectApplication}', contextInitializerClasses = '[]', activeProfiles = '{}', propertySourceLocations = '{}', propertySourceProperties = '{org.springframework.boot.test.context.SpringBootTestContextBootstrapper=true}', contextCustomizers = set[org.springframework.boot.test.autoconfigure.actuate.metrics.MetricsExportContextCustomizerFactory$DisableMetricExportContextCustomizer@18025ced, org.springframework.boot.test.autoconfigure.properties.PropertyMappingContextCustomizer@0, org.springframework.boot.test.autoconfigure.web.servlet.WebDriverContextCustomizerFactory$Customizer@5c00384f, org.springframework.boot.test.context.filter.ExcludeFilterContextCustomizer@7b8233cd, org.springframework.boot.test.json.DuplicateJsonObjectContextCustomizerFactory$DuplicateJsonObjectContextCustomizer@6aecbb8d, org.springframework.boot.test.mock.mockito.MockitoContextCustomizer@0, org.springframework.boot.test.web.client.TestRestTemplateContextCustomizer@52045dbe, org.springframework.boot.test.context.SpringBootTestArgs@1, org.springframework.boot.test.context.SpringBootTestWebEnvironment@3e62d773], resourceBasePath = 'src/main/webapp', contextLoader = 'org.springframework.boot.test.context.SpringBootContextLoader', parent = [null]], attributes = map['org.springframework.test.context.web.ServletTestExecutionListener.activateListener' -> true]], class annotated with @DirtiesContext [false] with mode [null].

  .   ____          _            __ _ _
 /\\ / ___'_ __ _ _(_)_ __  __ _ \ \ \ \
( ( )\___ | '_ | '_| | '_ \/ _` | \ \ \ \
 \\/  ___)| |_)| | | | | || (_| |  ) ) ) )
  '  |____| .__|_| |_|_| |_\__, | / / / /
 =========|_|==============|___/=/_/_/_/
 :: Spring Boot ::                (v2.6.7)

2023-06-16 04:03:03.787  INFO 29616 --- [    Test worker] c.e.project.ProjectApplicationTests      : Starting ProjectApplicationTests using Java 11.0.16.1 on LAPTOP-PV547CLP with PID 29616 (started by crumb in C:\Projects\새 폴더\project)
2023-06-16 04:03:03.789  INFO 29616 --- [    Test worker] c.e.project.ProjectApplicationTests      : No active profile set, falling back to 1 default profile: "default"
2023-06-16 04:03:06.454  INFO 29616 --- [    Test worker] c.e.project.ProjectApplicationTests      : Started ProjectApplicationTests in 3.231 seconds (JVM running for 5.821)
]]></system-out>
  <system-err><![CDATA[]]></system-err>
</testsuite>
