<?xml version="1.0" encoding="UTF-8"?>
<testsuite name="com.example.project.ProjectApplicationTests" tests="1" skipped="0" failures="0" errors="0" timestamp="2023-08-01T15:08:51" hostname="LAPTOP-PV547CLP" time="0.021">
  <properties/>
  <testcase name="contextLoads()" classname="com.example.project.ProjectApplicationTests" time="0.021"/>
  <system-out><![CDATA[2023-08-02 00:08:51.294  INFO 20704 --- [    Test worker] .b.t.c.SpringBootTestContextBootstrapper : Neither @ContextConfiguration nor @ContextHierarchy found for test class [com.example.project.ProjectApplicationTests], using SpringBootContextLoader
2023-08-02 00:08:51.296  INFO 20704 --- [    Test worker] o.s.t.c.support.AbstractContextLoader    : Could not detect default resource locations for test class [com.example.project.ProjectApplicationTests]: no resource found for suffixes {-context.xml, Context.groovy}.
2023-08-02 00:08:51.296  INFO 20704 --- [    Test worker] t.c.s.AnnotationConfigContextLoaderUtils : Could not detect default configuration classes for test class [com.example.project.ProjectApplicationTests]: ProjectApplicationTests does not declare any static, non-private, non-final, nested classes annotated with @Configuration.
2023-08-02 00:08:51.302  INFO 20704 --- [    Test worker] .b.t.c.SpringBootTestContextBootstrapper : Found @SpringBootConfiguration com.example.project.ProjectApplication for test class com.example.project.ProjectApplicationTests
2023-08-02 00:08:51.306  INFO 20704 --- [    Test worker] .b.t.c.SpringBootTestContextBootstrapper : Loaded default TestExecutionListener class names from location [META-INF/spring.factories]: [org.spockframework.spring.SpringMockTestExecutionListener, org.springframework.boot.test.autoconfigure.restdocs.RestDocsTestExecutionListener, org.springframework.boot.test.autoconfigure.web.client.MockRestServiceServerResetTestExecutionListener, org.springframework.boot.test.autoconfigure.web.servlet.MockMvcPrintOnlyOnFailureTestExecutionListener, org.springframework.boot.test.autoconfigure.web.servlet.WebDriverTestExecutionListener, org.springframework.boot.test.autoconfigure.webservices.client.MockWebServiceServerTestExecutionListener, org.springframework.boot.test.mock.mockito.MockitoTestExecutionListener, org.springframework.boot.test.mock.mockito.ResetMocksTestExecutionListener, org.springframework.test.context.web.ServletTestExecutionListener, org.springframework.test.context.support.DirtiesContextBeforeModesTestExecutionListener, org.springframework.test.context.event.ApplicationEventsTestExecutionListener, org.springframework.test.context.support.DependencyInjectionTestExecutionListener, org.springframework.test.context.support.DirtiesContextTestExecutionListener, org.springframework.test.context.transaction.TransactionalTestExecutionListener, org.springframework.test.context.jdbc.SqlScriptsTestExecutionListener, org.springframework.test.context.event.EventPublishingTestExecutionListener]
2023-08-02 00:08:51.306  INFO 20704 --- [    Test worker] .b.t.c.SpringBootTestContextBootstrapper : Using TestExecutionListeners: [org.springframework.test.context.web.ServletTestExecutionListener@74d41fcf, org.springframework.test.context.support.DirtiesContextBeforeModesTestExecutionListener@46050be4, org.springframework.test.context.event.ApplicationEventsTestExecutionListener@62c732d2, org.springframework.boot.test.mock.mockito.MockitoTestExecutionListener@3dbe3bc4, org.springframework.boot.test.autoconfigure.SpringBootDependencyInjectionTestExecutionListener@69c071db, org.springframework.test.context.support.DirtiesContextTestExecutionListener@7740d2c, org.springframework.test.context.transaction.TransactionalTestExecutionListener@5c7eeeb2, org.springframework.test.context.jdbc.SqlScriptsTestExecutionListener@10d28ee2, org.springframework.test.context.event.EventPublishingTestExecutionListener@7af66b8a, org.springframework.boot.test.autoconfigure.restdocs.RestDocsTestExecutionListener@5dcc1495, org.springframework.boot.test.autoconfigure.web.client.MockRestServiceServerResetTestExecutionListener@76ec6ae0, org.springframework.boot.test.autoconfigure.web.servlet.MockMvcPrintOnlyOnFailureTestExecutionListener@72cd5f41, org.springframework.boot.test.autoconfigure.web.servlet.WebDriverTestExecutionListener@3baed0a9, org.springframework.boot.test.autoconfigure.webservices.client.MockWebServiceServerTestExecutionListener@6fb03f5, org.springframework.boot.test.mock.mockito.ResetMocksTestExecutionListener@1355d2a0, org.spockframework.spring.SpringMockTestExecutionListener@bfab0dc]
]]></system-out>
  <system-err><![CDATA[]]></system-err>
</testsuite>
