<?xml version="1.0" encoding="UTF-8"?>
<testsuite name="com.example.project.ProjectApplicationTests" tests="1" skipped="0" failures="0" errors="0" timestamp="2023-07-12T14:00:16" hostname="LAPTOP-PV547CLP" time="0.016">
  <properties/>
  <testcase name="contextLoads()" classname="com.example.project.ProjectApplicationTests" time="0.016"/>
  <system-out><![CDATA[2023-07-12 23:00:16.768  INFO 35556 --- [    Test worker] .b.t.c.SpringBootTestContextBootstrapper : Neither @ContextConfiguration nor @ContextHierarchy found for test class [com.example.project.ProjectApplicationTests], using SpringBootContextLoader
2023-07-12 23:00:16.769  INFO 35556 --- [    Test worker] o.s.t.c.support.AbstractContextLoader    : Could not detect default resource locations for test class [com.example.project.ProjectApplicationTests]: no resource found for suffixes {-context.xml, Context.groovy}.
2023-07-12 23:00:16.769  INFO 35556 --- [    Test worker] t.c.s.AnnotationConfigContextLoaderUtils : Could not detect default configuration classes for test class [com.example.project.ProjectApplicationTests]: ProjectApplicationTests does not declare any static, non-private, non-final, nested classes annotated with @Configuration.
2023-07-12 23:00:16.778  INFO 35556 --- [    Test worker] .b.t.c.SpringBootTestContextBootstrapper : Found @SpringBootConfiguration com.example.project.ProjectApplication for test class com.example.project.ProjectApplicationTests
2023-07-12 23:00:16.781  INFO 35556 --- [    Test worker] .b.t.c.SpringBootTestContextBootstrapper : Loaded default TestExecutionListener class names from location [META-INF/spring.factories]: [org.spockframework.spring.SpringMockTestExecutionListener, org.springframework.boot.test.autoconfigure.restdocs.RestDocsTestExecutionListener, org.springframework.boot.test.autoconfigure.web.client.MockRestServiceServerResetTestExecutionListener, org.springframework.boot.test.autoconfigure.web.servlet.MockMvcPrintOnlyOnFailureTestExecutionListener, org.springframework.boot.test.autoconfigure.web.servlet.WebDriverTestExecutionListener, org.springframework.boot.test.autoconfigure.webservices.client.MockWebServiceServerTestExecutionListener, org.springframework.boot.test.mock.mockito.MockitoTestExecutionListener, org.springframework.boot.test.mock.mockito.ResetMocksTestExecutionListener, org.springframework.test.context.web.ServletTestExecutionListener, org.springframework.test.context.support.DirtiesContextBeforeModesTestExecutionListener, org.springframework.test.context.event.ApplicationEventsTestExecutionListener, org.springframework.test.context.support.DependencyInjectionTestExecutionListener, org.springframework.test.context.support.DirtiesContextTestExecutionListener, org.springframework.test.context.transaction.TransactionalTestExecutionListener, org.springframework.test.context.jdbc.SqlScriptsTestExecutionListener, org.springframework.test.context.event.EventPublishingTestExecutionListener]
2023-07-12 23:00:16.781  INFO 35556 --- [    Test worker] .b.t.c.SpringBootTestContextBootstrapper : Using TestExecutionListeners: [org.springframework.test.context.web.ServletTestExecutionListener@4aebeda8, org.springframework.test.context.support.DirtiesContextBeforeModesTestExecutionListener@7e634ead, org.springframework.test.context.event.ApplicationEventsTestExecutionListener@6ded49c4, org.springframework.boot.test.mock.mockito.MockitoTestExecutionListener@60729135, org.springframework.boot.test.autoconfigure.SpringBootDependencyInjectionTestExecutionListener@75e1a63e, org.springframework.test.context.support.DirtiesContextTestExecutionListener@11138809, org.springframework.test.context.transaction.TransactionalTestExecutionListener@16374086, org.springframework.test.context.jdbc.SqlScriptsTestExecutionListener@62b8904c, org.springframework.test.context.event.EventPublishingTestExecutionListener@1a900a73, org.springframework.boot.test.autoconfigure.restdocs.RestDocsTestExecutionListener@174e9ae8, org.springframework.boot.test.autoconfigure.web.client.MockRestServiceServerResetTestExecutionListener@3b51cbf7, org.springframework.boot.test.autoconfigure.web.servlet.MockMvcPrintOnlyOnFailureTestExecutionListener@1d4d1621, org.springframework.boot.test.autoconfigure.web.servlet.WebDriverTestExecutionListener@7145469, org.springframework.boot.test.autoconfigure.webservices.client.MockWebServiceServerTestExecutionListener@646e17b9, org.springframework.boot.test.mock.mockito.ResetMocksTestExecutionListener@515576b0, org.spockframework.spring.SpringMockTestExecutionListener@245c8ea5]
]]></system-out>
  <system-err><![CDATA[]]></system-err>
</testsuite>
