<?xml version="1.0" encoding="UTF-8"?>
<testsuite name="com.example.project.direction.service.DirectionServiceTest" tests="2" skipped="0" failures="0" errors="0" timestamp="2023-07-12T14:00:15" hostname="LAPTOP-PV547CLP" time="0.036">
  <properties/>
  <testcase name="buildDirectionList - 결과 값이 거리 순으로 정렬이 되는지 확인" classname="com.example.project.direction.service.DirectionServiceTest" time="0.033"/>
  <testcase name="buildDirectionList - 정해진 반경 10km 내로 검색이 되는지 확인" classname="com.example.project.direction.service.DirectionServiceTest" time="0.002"/>
  <system-out><![CDATA[]]></system-out>
  <system-err><![CDATA[]]></system-err>
</testsuite>
